  main.cpp
  ofApp.cpp
c:\users\annes\onedrive\dokumenter\uwe\semester 1\toolkit\openframeworks\of_v0.10.1_vs2017_release\libs\openframeworks\math\ofmatrix4x4.h(326): warning C4267: 'argument': conversion from 'size_t' to 'int', possible loss of data (compiling source file src\ofApp.cpp)
c:\users\annes\onedrive\dokumenter\uwe\semester 1\toolkit\openframeworks\of_v0.10.1_vs2017_release\libs\openframeworks\math\ofmatrix4x4.h(331): warning C4267: 'argument': conversion from 'size_t' to 'int', possible loss of data (compiling source file src\ofApp.cpp)
c:\users\annes\onedrive\dokumenter\uwe\semester 1\toolkit\openframeworks\of_v0.10.1_vs2017_release\libs\openframeworks\math\ofmatrix4x4.h(912): warning C4267: 'argument': conversion from 'size_t' to 'int', possible loss of data (compiling source file src\ofApp.cpp)
c:\users\annes\onedrive\dokumenter\uwe\semester 1\toolkit\openframeworks\of_v0.10.1_vs2017_release\libs\openframeworks\math\ofmatrix4x4.h(913): warning C4267: 'argument': conversion from 'size_t' to 'int', possible loss of data (compiling source file src\ofApp.cpp)
c:\users\annes\onedrive\dokumenter\uwe\semester 1\toolkit\openframeworks\of_v0.10.1_vs2017_release\libs\openframeworks\math\ofmatrix4x4.h(914): warning C4267: 'argument': conversion from 'size_t' to 'int', possible loss of data (compiling source file src\ofApp.cpp)
c:\users\annes\onedrive\dokumenter\uwe\semester 1\toolkit\openframeworks\of_v0.10.1_vs2017_release\libs\openframeworks\math\ofmatrix4x4.h(915): warning C4267: 'argument': conversion from 'size_t' to 'int', possible loss of data (compiling source file src\ofApp.cpp)
c:\users\annes\onedrive\dokumenter\uwe\semester 1\toolkit\openframeworks\of_v0.10.1_vs2017_release\libs\openframeworks\math\ofmatrix4x4.h(326): warning C4267: 'argument': conversion from 'size_t' to 'int', possible loss of data (compiling source file src\main.cpp)
c:\users\annes\onedrive\dokumenter\uwe\semester 1\toolkit\openframeworks\of_v0.10.1_vs2017_release\libs\openframeworks\math\ofmatrix4x4.h(331): warning C4267: 'argument': conversion from 'size_t' to 'int', possible loss of data (compiling source file src\main.cpp)
c:\users\annes\onedrive\dokumenter\uwe\semester 1\toolkit\openframeworks\of_v0.10.1_vs2017_release\libs\openframeworks\math\ofmatrix4x4.h(912): warning C4267: 'argument': conversion from 'size_t' to 'int', possible loss of data (compiling source file src\main.cpp)
c:\users\annes\onedrive\dokumenter\uwe\semester 1\toolkit\openframeworks\of_v0.10.1_vs2017_release\libs\openframeworks\math\ofmatrix4x4.h(913): warning C4267: 'argument': conversion from 'size_t' to 'int', possible loss of data (compiling source file src\main.cpp)
c:\users\annes\onedrive\dokumenter\uwe\semester 1\toolkit\openframeworks\of_v0.10.1_vs2017_release\libs\openframeworks\math\ofmatrix4x4.h(914): warning C4267: 'argument': conversion from 'size_t' to 'int', possible loss of data (compiling source file src\main.cpp)
c:\users\annes\onedrive\dokumenter\uwe\semester 1\toolkit\openframeworks\of_v0.10.1_vs2017_release\libs\openframeworks\math\ofmatrix4x4.h(915): warning C4267: 'argument': conversion from 'size_t' to 'int', possible loss of data (compiling source file src\main.cpp)
  session_7.vcxproj -> C:\Users\annes\OneDrive\Dokumenter\UWE\Semester 1\Toolkit\openFrameworks\CT_toolkit_sessions-master\session_7\bin\session_7_debug.exe
  
  	                   2	C:\Users\annes\OneDrive\Dokumenter\UWE\Semester 1\Toolkit\openFrameworks\of_v0.10.1_vs2017_release\libs\fmodex\lib\vs\x64\
  	  *EXTRA File 		 6942208	C:\Users\annes\OneDrive\Dokumenter\UWE\Semester 1\Toolkit\openFrameworks\CT_toolkit_sessions-master\session_7\bin\FreeImage.dll
  
  	                   1	C:\Users\annes\OneDrive\Dokumenter\UWE\Semester 1\Toolkit\openFrameworks\of_v0.10.1_vs2017_release\libs\FreeImage\lib\vs\x64\
  	  *EXTRA File 		 1503232	C:\Users\annes\OneDrive\Dokumenter\UWE\Semester 1\Toolkit\openFrameworks\CT_toolkit_sessions-master\session_7\bin\fmodex64.dll
  	  *EXTRA File 		 1552384	C:\Users\annes\OneDrive\Dokumenter\UWE\Semester 1\Toolkit\openFrameworks\CT_toolkit_sessions-master\session_7\bin\fmodexL64.dll
